2025-09-06 15:13:40,674 [INFO] Activator:176 - 


2025-09-06 15:13:40,683 [INFO] Activator:177 - !SESSION log4j initialized
2025-09-06 15:13:49,084 [INFO] LogOutputStream:77 - [STDOUT_REDIRECT] 
2025-09-06 15:31:04,378 [INFO] ApplicationProperties:184 - Using Application install path: C:\ST\STM32CubeIDE_1.18.0\STM32CubeIDE\plugins\com.st.stm32cube.common.mx_6.14.0.202502271554
2025-09-06 15:31:04,405 [INFO] DbMcusXml:78 - Set database path to: C:\ST\STM32CubeIDE_1.18.0\STM32CubeIDE\plugins\com.st.stm32cube.common.mx_6.14.0.202502271554\\db\/mcu/
2025-09-06 15:31:04,405 [INFO] ApiDb:274 - Set plugin database path to: C:\ST\STM32CubeIDE_1.18.0\STM32CubeIDE\plugins\com.st.stm32cube.common.mx_6.14.0.202502271554\\db\/plugins/boardmanager/
2025-09-06 15:31:04,406 [WARN] ApiDb:259 - Overriding images path with different value:  => C:\ST\STM32CubeIDE_1.18.0\STM32CubeIDE\plugins\com.st.stm32cube.common.mx_6.14.0.202502271554\\db\/plugins/mcufinder/images/
2025-09-06 15:31:06,155 [INFO] ApiDb:250 - Set database path to: C:\Users\popman\.stmcufinder\plugins\mcufinder//mcu/
2025-09-06 15:31:06,157 [INFO] DbMcusAds:125 - Set database path to: C:\Users\popman\.stmcufinder\plugins\mcufinder//mcu/
2025-09-06 15:31:06,432 [INFO] CrossReferenceDbSqlite:203 - Set database path to: C:\Users\popman\.stmcufinder\plugins\mcufinder//mcu/cs/
2025-09-06 15:31:06,672 [INFO] RulesReader:64 - Compatibility file has been processed (301 Rules)
2025-09-06 15:31:06,821 [INFO] DbMcusXml:78 - Set database path to: C:\ST\STM32CubeIDE_1.18.0\STM32CubeIDE\plugins\com.st.stm32cube.common.mx_6.14.0.202502271554\\db\/mcu/
2025-09-06 15:31:06,821 [INFO] ApiDb:274 - Set plugin database path to: C:\ST\STM32CubeIDE_1.18.0\STM32CubeIDE\plugins\com.st.stm32cube.common.mx_6.14.0.202502271554\\db\/plugins/boardmanager/
2025-09-06 15:31:06,821 [INFO] ApiDb:261 - Set plugin images path to: C:\ST\STM32CubeIDE_1.18.0\STM32CubeIDE\plugins\com.st.stm32cube.common.mx_6.14.0.202502271554\\db\/plugins/mcufinder/images/
2025-09-06 15:31:06,821 [WARN] DbFile:41 - Overriding database path with different value: C:\Users\popman\.stmcufinder\plugins\mcufinder/ => C:\Users\popman\.stmcufinder\plugins\mcufinder
2025-09-06 15:31:06,822 [INFO] ApiDb:250 - Set database path to: C:\Users\popman\.stmcufinder\plugins\mcufinder//mcu/
2025-09-06 15:31:06,822 [WARN] DbFile:41 - Overriding database path with different value: C:\Users\popman\.stmcufinder\plugins\mcufinder/ => C:\Users\popman\.stmcufinder\plugins\mcufinder
2025-09-06 15:31:06,822 [INFO] DbMcusAds:125 - Set database path to: C:\Users\popman\.stmcufinder\plugins\mcufinder//mcu/
2025-09-06 15:31:06,822 [WARN] DbFile:41 - Overriding database path with different value: C:\Users\popman\.stmcufinder\plugins\mcufinder/ => C:\Users\popman\.stmcufinder\plugins\mcufinder
2025-09-06 15:31:06,822 [WARN] DbFile:41 - Overriding database path with different value: C:\Users\popman\.stmcufinder\plugins\mcufinder/ => C:\Users\popman\.stmcufinder\plugins\mcufinder
2025-09-06 15:31:06,822 [INFO] CrossReferenceDbSqlite:203 - Set database path to: C:\Users\popman\.stmcufinder\plugins\mcufinder//mcu/cs/
2025-09-06 15:31:06,933 [INFO] MainPanel:272 - HeapMemory: 268435456
2025-09-06 15:31:07,125 [INFO] DbMcusXml:78 - Set database path to: C:\ST\STM32CubeIDE_1.18.0\STM32CubeIDE\plugins\com.st.stm32cube.common.mx_6.14.0.202502271554\\db\/mcu/
2025-09-06 15:31:07,125 [INFO] ApiDb:274 - Set plugin database path to: C:\ST\STM32CubeIDE_1.18.0\STM32CubeIDE\plugins\com.st.stm32cube.common.mx_6.14.0.202502271554\\db\/plugins/boardmanager/
2025-09-06 15:31:07,126 [INFO] ApiDb:261 - Set plugin images path to: C:\ST\STM32CubeIDE_1.18.0\STM32CubeIDE\plugins\com.st.stm32cube.common.mx_6.14.0.202502271554\\db\/plugins/mcufinder/images/
2025-09-06 15:31:07,126 [WARN] DbFile:41 - Overriding database path with different value: C:\Users\popman\.stmcufinder\plugins\mcufinder/ => C:\Users\popman\.stmcufinder\plugins\mcufinder
2025-09-06 15:31:07,126 [INFO] ApiDb:250 - Set database path to: C:\Users\popman\.stmcufinder\plugins\mcufinder//mcu/
2025-09-06 15:31:07,126 [WARN] DbFile:41 - Overriding database path with different value: C:\Users\popman\.stmcufinder\plugins\mcufinder/ => C:\Users\popman\.stmcufinder\plugins\mcufinder
2025-09-06 15:31:07,127 [INFO] DbMcusAds:125 - Set database path to: C:\Users\popman\.stmcufinder\plugins\mcufinder//mcu/
2025-09-06 15:31:07,127 [WARN] DbFile:41 - Overriding database path with different value: C:\Users\popman\.stmcufinder\plugins\mcufinder/ => C:\Users\popman\.stmcufinder\plugins\mcufinder
2025-09-06 15:31:07,127 [WARN] DbFile:41 - Overriding database path with different value: C:\Users\popman\.stmcufinder\plugins\mcufinder/ => C:\Users\popman\.stmcufinder\plugins\mcufinder
2025-09-06 15:31:07,127 [INFO] CrossReferenceDbSqlite:203 - Set database path to: C:\Users\popman\.stmcufinder\plugins\mcufinder//mcu/cs/
2025-09-06 15:31:07,153 [INFO] ApplicationProperties:184 - Using Application install path: C:\ST\STM32CubeIDE_1.18.0\STM32CubeIDE\plugins\com.st.stm32cube.common.mx_6.14.0.202502271554
2025-09-06 15:31:07,155 [INFO] PluginManage:196 - Search for loadable plugins [exclusion list=, ]
2025-09-06 15:31:07,158 [INFO] PluginManage:310 - Check plugin analytics
2025-09-06 15:31:07,636 [INFO] AnalyticsPlugin:253 - Accepted Software Licenses: STM32CubeMX.6.3.0,STM32CubeMX.6.12.0,STM32CubeMX.6.14.0
2025-09-06 15:31:07,636 [INFO] AnalyticsPlugin:255 - Accepted CMSIS Pack Licenses: 
2025-09-06 15:31:07,636 [INFO] AnalyticsPlugin:257 - Accepted Firmware Licenses: FW.F4.1.28.0
2025-09-06 15:31:07,640 [INFO] PluginManage:359 - Loaded plugin analytics (category:tool,tabindex:-1)
2025-09-06 15:31:07,640 [INFO] PluginManage:310 - Check plugin cadmodel
2025-09-06 15:31:07,652 [INFO] CADModel:105 - Init CAD model plugin
2025-09-06 15:31:07,652 [INFO] PluginManage:359 - Loaded plugin cadmodel (category:power,tabindex:5)
2025-09-06 15:31:07,652 [INFO] PluginManage:310 - Check plugin clock
2025-09-06 15:31:07,668 [INFO] PluginManage:359 - Loaded plugin clock (category:base,tabindex:2)
2025-09-06 15:31:07,669 [INFO] PluginManage:310 - Check plugin ddr
2025-09-06 15:31:07,672 [INFO] PluginManage:359 - Loaded plugin ddr (category:tool,tabindex:6)
2025-09-06 15:31:07,673 [INFO] PluginManage:310 - Check plugin filemanager
2025-09-06 15:31:07,845 [INFO] PluginManage:359 - Loaded plugin filemanager (category:base,tabindex:10)
2025-09-06 15:31:07,845 [INFO] PluginManage:310 - Check plugin ipmanager
2025-09-06 15:31:07,856 [INFO] PluginManage:359 - Loaded plugin ipmanager (category:base,tabindex:5)
2025-09-06 15:31:07,857 [INFO] PluginManage:310 - Check plugin lpbam
2025-09-06 15:31:07,869 [INFO] PluginManage:359 - Loaded plugin lpbam (category:base,tabindex:0)
2025-09-06 15:31:07,870 [INFO] PluginManage:310 - Check plugin memorymap
2025-09-06 15:31:07,894 [INFO] PluginManage:359 - Loaded plugin memorymap (category:base,tabindex:4)
2025-09-06 15:31:07,894 [INFO] PluginManage:310 - Check plugin pinoutandconfiguration
2025-09-06 15:31:07,909 [INFO] PluginManage:359 - Loaded plugin pinoutandconfiguration (category:base,tabindex:1)
2025-09-06 15:31:07,909 [INFO] PluginManage:310 - Check plugin pinoutconfig
2025-09-06 15:31:08,019 [WARN] SupportedApi:132 - Cannot load RTOS API schema: s4s-elt-must-match.1: The content of 'definitions' must match (annotation?, (simpleType | complexType)?, (unique | key | keyref)*)). A problem was found starting at: attribute.
2025-09-06 15:31:08,197 [INFO] PluginManage:359 - Loaded plugin pinoutconfig (category:base,tabindex:0)
2025-09-06 15:31:08,198 [INFO] PluginManage:310 - Check plugin power
2025-09-06 15:31:08,212 [INFO] PluginManage:359 - Loaded plugin power (category:power,tabindex:4)
2025-09-06 15:31:08,212 [INFO] PluginManage:310 - Check plugin projectmanager
2025-09-06 15:31:08,235 [INFO] PluginManage:359 - Loaded plugin projectmanager (category:projectmanager,tabindex:4)
2025-09-06 15:31:08,235 [INFO] PluginManage:310 - Check plugin rif
2025-09-06 15:31:08,246 [INFO] PluginManage:359 - Loaded plugin rif (category:base,tabindex:3)
2025-09-06 15:31:08,246 [INFO] PluginManage:310 - Check plugin thirdparty
2025-09-06 15:31:08,668 [WARN] IntegrityCheckThread:84 - waiting for thirdparty lock release [integrity check]
2025-09-06 15:31:08,668 [INFO] IntegrityCheckThread:86 - entering critical section [integrity check]
2025-09-06 15:31:08,668 [INFO] PluginManage:359 - Loaded plugin thirdparty (category:base,tabindex:-1)
2025-09-06 15:31:08,668 [INFO] ThirdPartyUpdaterWithRetryManager:70 - Updater plugin not ready yet. [1/15]
2025-09-06 15:31:08,668 [INFO] PluginManage:310 - Check plugin tools
2025-09-06 15:31:08,674 [INFO] PluginManage:359 - Loaded plugin tools (category:base,tabindex:7)
2025-09-06 15:31:08,674 [INFO] PluginManage:310 - Check plugin tutovideos
2025-09-06 15:31:09,067 [INFO] PluginManage:359 - Loaded plugin tutovideos (category:base,tabindex:-1)
2025-09-06 15:31:09,067 [INFO] PluginManage:310 - Check plugin updater
2025-09-06 15:31:09,098 [INFO] PluginManage:359 - Loaded plugin updater (category:base,tabindex:12)
2025-09-06 15:31:09,098 [INFO] PluginManage:310 - Check plugin userauth
2025-09-06 15:31:09,104 [INFO] UserAuth:118 - Init User Auth plugin
2025-09-06 15:31:09,105 [INFO] PluginManage:359 - Loaded plugin userauth (category:base,tabindex:14)
2025-09-06 15:31:09,107 [INFO] PluginManage:283 - PluginManage : Loaded plugins [18]
2025-09-06 15:31:09,359 [INFO] PinOutPanel:1589 - setPackage(No Configuration,No Configuration)
2025-09-06 15:31:09,454 [INFO] CADModel:165 - CPN selected for project level
2025-09-06 15:31:09,454 [INFO] CADModel:114 - Register for checkConnection events
2025-09-06 15:31:09,475 [INFO] IPUIPlugin:80 - create IPUIPlugin
2025-09-06 15:31:09,475 [INFO] PluginManager:220 - loadIPPluginJar : add adc
2025-09-06 15:31:09,479 [INFO] IPUIPlugin:80 - create IPUIPlugin
2025-09-06 15:31:09,480 [INFO] PluginManager:220 - loadIPPluginJar : add aes
2025-09-06 15:31:09,482 [INFO] IPUIPlugin:80 - create IPUIPlugin
2025-09-06 15:31:09,482 [INFO] PluginManager:220 - loadIPPluginJar : add can
2025-09-06 15:31:09,483 [INFO] IPUIPlugin:80 - create IPUIPlugin
2025-09-06 15:31:09,483 [INFO] PluginManager:220 - loadIPPluginJar : add comp
2025-09-06 15:31:09,484 [INFO] IPUIPlugin:80 - create IPUIPlugin
2025-09-06 15:31:09,485 [INFO] PluginManager:220 - loadIPPluginJar : add cryp
2025-09-06 15:31:09,488 [INFO] IPUIPlugin:80 - create IPUIPlugin
2025-09-06 15:31:09,488 [INFO] PluginManager:220 - loadIPPluginJar : add ddr_ctrl_phy
2025-09-06 15:31:09,491 [INFO] IPUIPlugin:80 - create IPUIPlugin
2025-09-06 15:31:09,491 [INFO] PluginManager:220 - loadIPPluginJar : add dfsdm
2025-09-06 15:31:09,497 [INFO] IPUIPlugin:80 - create IPUIPlugin
2025-09-06 15:31:09,497 [INFO] PluginManager:220 - loadIPPluginJar : add dma
2025-09-06 15:31:09,500 [INFO] IPUIPlugin:80 - create IPUIPlugin
2025-09-06 15:31:09,500 [INFO] PluginManager:220 - loadIPPluginJar : add dma3
2025-09-06 15:31:09,503 [INFO] IPUIPlugin:80 - create IPUIPlugin
2025-09-06 15:31:09,503 [INFO] PluginManager:220 - loadIPPluginJar : add extmemmanager
2025-09-06 15:31:09,504 [INFO] IPUIPlugin:80 - create IPUIPlugin
2025-09-06 15:31:09,505 [INFO] PluginManager:220 - loadIPPluginJar : add fatfs
2025-09-06 15:31:09,509 [INFO] IPUIPlugin:80 - create IPUIPlugin
2025-09-06 15:31:09,509 [INFO] PluginManager:220 - loadIPPluginJar : add fmc
2025-09-06 15:31:09,513 [INFO] IPUIPlugin:80 - create IPUIPlugin
2025-09-06 15:31:09,513 [INFO] PluginManager:220 - loadIPPluginJar : add freertos
2025-09-06 15:31:09,515 [INFO] IPUIPlugin:80 - create IPUIPlugin
2025-09-06 15:31:09,515 [INFO] PluginManager:220 - loadIPPluginJar : add genericplugin
2025-09-06 15:31:09,517 [INFO] IPUIPlugin:80 - create IPUIPlugin
2025-09-06 15:31:09,517 [INFO] PluginManager:220 - loadIPPluginJar : add gfxmmu
2025-09-06 15:31:09,521 [INFO] IPUIPlugin:80 - create IPUIPlugin
2025-09-06 15:31:09,521 [INFO] PluginManager:220 - loadIPPluginJar : add gic
2025-09-06 15:31:09,525 [INFO] IPUIPlugin:80 - create IPUIPlugin
2025-09-06 15:31:09,525 [INFO] PluginManager:220 - loadIPPluginJar : add gpio
2025-09-06 15:31:09,528 [INFO] IPUIPlugin:80 - create IPUIPlugin
2025-09-06 15:31:09,528 [INFO] PluginManager:220 - loadIPPluginJar : add gtzc
2025-09-06 15:31:09,530 [INFO] IPUIPlugin:80 - create IPUIPlugin
2025-09-06 15:31:09,530 [INFO] PluginManager:220 - loadIPPluginJar : add hash
2025-09-06 15:31:09,532 [INFO] IPUIPlugin:80 - create IPUIPlugin
2025-09-06 15:31:09,532 [INFO] PluginManager:220 - loadIPPluginJar : add i2c
2025-09-06 15:31:09,534 [INFO] IPUIPlugin:80 - create IPUIPlugin
2025-09-06 15:31:09,534 [INFO] PluginManager:220 - loadIPPluginJar : add i2s
2025-09-06 15:31:09,536 [INFO] IPUIPlugin:80 - create IPUIPlugin
2025-09-06 15:31:09,537 [INFO] PluginManager:220 - loadIPPluginJar : add i3c
2025-09-06 15:31:09,540 [INFO] IPUIPlugin:80 - create IPUIPlugin
2025-09-06 15:31:09,540 [INFO] PluginManager:220 - loadIPPluginJar : add ipddr
2025-09-06 15:31:09,546 [INFO] IPUIPlugin:80 - create IPUIPlugin
2025-09-06 15:31:09,546 [INFO] PluginManager:220 - loadIPPluginJar : add linkedlist
2025-09-06 15:31:09,548 [INFO] IPUIPlugin:80 - create IPUIPlugin
2025-09-06 15:31:09,550 [INFO] PluginManager:220 - loadIPPluginJar : add lorawan
2025-09-06 15:31:09,550 [INFO] IPUIPlugin:80 - create IPUIPlugin
2025-09-06 15:31:09,550 [INFO] PluginManager:220 - loadIPPluginJar : add ltdc
2025-09-06 15:31:09,557 [INFO] IPUIPlugin:80 - create IPUIPlugin
2025-09-06 15:31:09,557 [INFO] PluginManager:220 - loadIPPluginJar : add mdma
2025-09-06 15:31:09,560 [INFO] IPUIPlugin:80 - create IPUIPlugin
2025-09-06 15:31:09,560 [INFO] PluginManager:220 - loadIPPluginJar : add nvic
2025-09-06 15:31:09,564 [INFO] IPUIPlugin:80 - create IPUIPlugin
2025-09-06 15:31:09,564 [INFO] PluginManager:220 - loadIPPluginJar : add opamp
2025-09-06 15:31:09,567 [INFO] IPUIPlugin:80 - create IPUIPlugin
2025-09-06 15:31:09,567 [INFO] PluginManager:220 - loadIPPluginJar : add openamp
2025-09-06 15:31:09,570 [INFO] IPUIPlugin:80 - create IPUIPlugin
2025-09-06 15:31:09,570 [INFO] PluginManager:220 - loadIPPluginJar : add pdm2pcm
2025-09-06 15:31:09,576 [INFO] IPUIPlugin:80 - create IPUIPlugin
2025-09-06 15:31:09,578 [INFO] PluginManager:220 - loadIPPluginJar : add plateformsettings
2025-09-06 15:31:09,580 [INFO] IPUIPlugin:80 - create IPUIPlugin
2025-09-06 15:31:09,580 [INFO] PluginManager:220 - loadIPPluginJar : add quadspi
2025-09-06 15:31:09,583 [INFO] IPUIPlugin:80 - create IPUIPlugin
2025-09-06 15:31:09,583 [INFO] PluginManager:220 - loadIPPluginJar : add radio
2025-09-06 15:31:09,588 [INFO] IPUIPlugin:80 - create IPUIPlugin
2025-09-06 15:31:09,588 [INFO] PluginManager:220 - loadIPPluginJar : add resmgrutility
2025-09-06 15:31:09,591 [INFO] IPUIPlugin:80 - create IPUIPlugin
2025-09-06 15:31:09,591 [INFO] PluginManager:220 - loadIPPluginJar : add sai
2025-09-06 15:31:09,593 [INFO] IPUIPlugin:80 - create IPUIPlugin
2025-09-06 15:31:09,593 [INFO] PluginManager:220 - loadIPPluginJar : add spi
2025-09-06 15:31:09,597 [INFO] IPUIPlugin:80 - create IPUIPlugin
2025-09-06 15:31:09,597 [INFO] PluginManager:220 - loadIPPluginJar : add stm32_wpan
2025-09-06 15:31:09,599 [INFO] IPUIPlugin:80 - create IPUIPlugin
2025-09-06 15:31:09,599 [INFO] PluginManager:220 - loadIPPluginJar : add tim
2025-09-06 15:31:09,602 [INFO] IPUIPlugin:80 - create IPUIPlugin
2025-09-06 15:31:09,603 [INFO] PluginManager:220 - loadIPPluginJar : add touchsensing
2025-09-06 15:31:09,604 [INFO] IPUIPlugin:80 - create IPUIPlugin
2025-09-06 15:31:09,604 [INFO] PluginManager:220 - loadIPPluginJar : add tracer_emb
2025-09-06 15:31:09,606 [INFO] IPUIPlugin:80 - create IPUIPlugin
2025-09-06 15:31:09,606 [INFO] PluginManager:220 - loadIPPluginJar : add ts
2025-09-06 15:31:09,607 [INFO] IPUIPlugin:80 - create IPUIPlugin
2025-09-06 15:31:09,607 [INFO] PluginManager:220 - loadIPPluginJar : add tsc
2025-09-06 15:31:09,608 [INFO] IPUIPlugin:80 - create IPUIPlugin
2025-09-06 15:31:09,608 [INFO] PluginManager:220 - loadIPPluginJar : add ucpd
2025-09-06 15:31:09,611 [INFO] IPUIPlugin:80 - create IPUIPlugin
2025-09-06 15:31:09,611 [INFO] PluginManager:220 - loadIPPluginJar : add usart
2025-09-06 15:31:09,614 [INFO] IPUIPlugin:80 - create IPUIPlugin
2025-09-06 15:31:09,614 [INFO] PluginManager:220 - loadIPPluginJar : add usbx
2025-09-06 15:31:09,753 [FATAL] Updater:351 - Updater called before beeing initialized
2025-09-06 15:31:09,781 [INFO] RulesReader:64 - Compatibility file has been processed (301 Rules)
2025-09-06 15:31:09,794 [INFO] RulesReader:64 - Compatibility file has been processed (301 Rules)
2025-09-06 15:31:09,808 [INFO] CADModel:165 - CPN selected for project level
2025-09-06 15:31:09,809 [INFO] CADModel:114 - Register for checkConnection events
2025-09-06 15:31:09,809 [FATAL] Updater:351 - Updater called before beeing initialized
2025-09-06 15:31:09,809 [ERROR] CADModel:125 - Updater not yet initialized, retry later 
2025-09-06 15:31:09,982 [FATAL] Updater:351 - Updater called before beeing initialized
2025-09-06 15:31:09,984 [INFO] CADModel:165 - CPN selected for project level
2025-09-06 15:31:09,984 [INFO] CADModel:114 - Register for checkConnection events
2025-09-06 15:31:09,984 [FATAL] Updater:351 - Updater called before beeing initialized
2025-09-06 15:31:09,984 [ERROR] CADModel:125 - Updater not yet initialized, retry later 
2025-09-06 15:31:09,989 [FATAL] Updater:351 - Updater called before beeing initialized
2025-09-06 15:31:10,101 [FATAL] Updater:351 - Updater called before beeing initialized
2025-09-06 15:31:10,115 [INFO] DbMcusAds:53 - JSON generation date=Thu Mar 06 16:54:22 EET 2025 (1741272862204)
2025-09-06 15:31:10,115 [FATAL] Updater:351 - Updater called before beeing initialized
2025-09-06 15:31:10,154 [WARN] DetailPanel:346 - Failed to get advertising image, set to default
2025-09-06 15:31:10,372 [FATAL] Updater:351 - Updater called before beeing initialized
2025-09-06 15:31:10,373 [FATAL] Updater:351 - Updater called before beeing initialized
2025-09-06 15:31:10,373 [FATAL] Updater:351 - Updater called before beeing initialized
2025-09-06 15:31:10,373 [WARN] DetailPanel:346 - Failed to get advertising image, set to default
2025-09-06 15:31:10,374 [FATAL] Updater:351 - Updater called before beeing initialized
2025-09-06 15:31:10,433 [ERROR] Updater:1198 - MainUpdater not yet initialized. External WinMGr cannot be set.
2025-09-06 15:31:10,447 [INFO] Updater:1134 - Updater Version found : 6.14.0
2025-09-06 15:31:10,467 [INFO] ApplicationProperties:184 - Using Application install path: C:\ST\STM32CubeIDE_1.18.0\STM32CubeIDE\plugins\com.st.stm32cube.common.mx_6.14.0.202502271554
2025-09-06 15:31:10,933 [INFO] MainUpdater:2872 - connection check result : 10
2025-09-06 15:31:10,934 [INFO] MainUpdater:3566 - Updater definition file requires update
2025-09-06 15:31:10,936 [INFO] MainUpdater:289 - Updater Check For Update Now.
2025-09-06 15:31:10,936 [INFO] MicroXplorer:498 - Change Database Version : DB.6.0.140
2025-09-06 15:31:10,958 [INFO] McuFinderGlobals:63 - Set McuFinder mode to 2 (CubeIDE integrated)
2025-09-06 15:31:10,969 [INFO] UserAuth:486 - Internet connection configuration mode: 1
2025-09-06 15:31:10,993 [INFO] JxBrowserEngine:152 - Initiate JxBrowser Engine with user profile folder
2025-09-06 15:31:11,197 [INFO] ServerAccessManage:473 - Download File updaters.zip
2025-09-06 15:31:11,671 [WARN] MainUpdater:1193 - Updater busy. Cannot search thirdparties
2025-09-06 15:31:11,671 [INFO] ThirdPartyUpdaterWithRetryManager:96 - Updater plugin is busy. [1/15]
2025-09-06 15:31:14,672 [WARN] MainUpdater:1193 - Updater busy. Cannot search thirdparties
2025-09-06 15:31:14,672 [INFO] ThirdPartyUpdaterWithRetryManager:96 - Updater plugin is busy. [2/15]
2025-09-06 15:31:14,958 [INFO] FileExtend:242 - Unzip File : updaters.zip
2025-09-06 15:31:14,959 [INFO] FileExtend:257 - Standard Zip Deflate
2025-09-06 15:31:17,499 [INFO] ServerAccessManage:473 - Download File PacksControlFlags.xml
2025-09-06 15:31:17,673 [WARN] MainUpdater:1193 - Updater busy. Cannot search thirdparties
2025-09-06 15:31:17,673 [INFO] ThirdPartyUpdaterWithRetryManager:96 - Updater plugin is busy. [3/15]
2025-09-06 15:31:18,209 [INFO] ServerAccessManage:473 - Download File cubemx.pidx
2025-09-06 15:31:19,205 [INFO] WebApp:169 - Instantiating new browser for Auth
2025-09-06 15:31:20,423 [INFO] ServerAccessManage:473 - Download File STMicroelectronics.FP-SNS-STBOX1.pdsc
2025-09-06 15:31:20,674 [WARN] MainUpdater:1193 - Updater busy. Cannot search thirdparties
2025-09-06 15:31:20,674 [INFO] ThirdPartyUpdaterWithRetryManager:96 - Updater plugin is busy. [4/15]
2025-09-06 15:31:20,692 [INFO] WebApp:463 - Apply proxy settings
2025-09-06 15:31:20,692 [INFO] WebApp:548 - Chromium requires no authentication
2025-09-06 15:31:20,706 [INFO] WebApp:491 - Direct internet connection detected
2025-09-06 15:31:20,752 [INFO] WebApp:894 - Register for checkConnection events
2025-09-06 15:31:20,752 [INFO] WebApp:463 - Apply proxy settings
2025-09-06 15:31:20,753 [INFO] WebApp:548 - Chromium requires no authentication
2025-09-06 15:31:20,754 [INFO] WebApp:491 - Direct internet connection detected
2025-09-06 15:31:21,048 [INFO] WebApp:225 - Starting web application
2025-09-06 15:31:21,048 [INFO] WebApp:593 - Web application path used C:\ST\STM32CubeIDE_1.18.0\STM32CubeIDE\plugins\com.st.stm32cube.common.mx_6.14.0.202502271554\db\plugins\mcufinder\reactClient1\index.html
2025-09-06 15:31:21,340 [INFO] WebApp:191 - Connection restablished
2025-09-06 15:31:21,464 [INFO] UserAuth:486 - Internet connection configuration mode: 1
2025-09-06 15:31:22,340 [INFO] ServerAccessManage:473 - Download File STMicroelectronics.FP-SNS-STAIOTCFT.pdsc
2025-09-06 15:31:23,123 [INFO] ServerAccessManage:473 - Download File STMicroelectronics.X-CUBE-AI.pdsc
2025-09-06 15:31:23,675 [WARN] MainUpdater:1193 - Updater busy. Cannot search thirdparties
2025-09-06 15:31:23,675 [INFO] ThirdPartyUpdaterWithRetryManager:96 - Updater plugin is busy. [5/15]
2025-09-06 15:31:26,676 [WARN] MainUpdater:1193 - Updater busy. Cannot search thirdparties
2025-09-06 15:31:26,676 [INFO] ThirdPartyUpdaterWithRetryManager:96 - Updater plugin is busy. [6/15]
2025-09-06 15:31:29,677 [WARN] MainUpdater:1193 - Updater busy. Cannot search thirdparties
2025-09-06 15:31:29,677 [INFO] ThirdPartyUpdaterWithRetryManager:96 - Updater plugin is busy. [7/15]
2025-09-06 15:31:31,485 [INFO] ServerAccessManage:473 - Download File STMicroelectronics.X-CUBE-BLEMGR.pdsc
2025-09-06 15:31:32,677 [WARN] MainUpdater:1193 - Updater busy. Cannot search thirdparties
2025-09-06 15:31:32,677 [INFO] ThirdPartyUpdaterWithRetryManager:96 - Updater plugin is busy. [8/15]
2025-09-06 15:31:32,794 [ERROR] ServerAccessManage:1089 - Problem, file not found on Server
2025-09-06 15:31:35,634 [INFO] ServerAccessManage:473 - Download File STMicroelectronics.X-CUBE-EEPRMA1.pdsc
2025-09-06 15:31:35,679 [WARN] MainUpdater:1193 - Updater busy. Cannot search thirdparties
2025-09-06 15:31:35,679 [INFO] ThirdPartyUpdaterWithRetryManager:96 - Updater plugin is busy. [9/15]
2025-09-06 15:31:38,595 [ERROR] ServerAccessManage:1089 - Problem, file not found on Server
2025-09-06 15:31:38,681 [WARN] MainUpdater:1193 - Updater busy. Cannot search thirdparties
2025-09-06 15:31:38,681 [INFO] ThirdPartyUpdaterWithRetryManager:96 - Updater plugin is busy. [10/15]
2025-09-06 15:31:40,343 [ERROR] ServerAccessManage:1089 - Problem, file not found on Server
2025-09-06 15:31:41,682 [WARN] MainUpdater:1193 - Updater busy. Cannot search thirdparties
2025-09-06 15:31:41,682 [INFO] ThirdPartyUpdaterWithRetryManager:96 - Updater plugin is busy. [11/15]
2025-09-06 15:31:41,768 [INFO] ServerAccessManage:473 - Download File STMicroelectronics.X-CUBE-FREERTOS.pdsc
2025-09-06 15:31:44,409 [INFO] ServerAccessManage:473 - Download File STMicroelectronics.X-CUBE-MEMS1.pdsc
2025-09-06 15:31:44,683 [WARN] MainUpdater:1193 - Updater busy. Cannot search thirdparties
2025-09-06 15:31:44,683 [INFO] ThirdPartyUpdaterWithRetryManager:96 - Updater plugin is busy. [12/15]
2025-09-06 15:31:47,684 [WARN] MainUpdater:1193 - Updater busy. Cannot search thirdparties
2025-09-06 15:31:47,684 [INFO] ThirdPartyUpdaterWithRetryManager:96 - Updater plugin is busy. [13/15]
2025-09-06 15:31:50,688 [WARN] MainUpdater:1193 - Updater busy. Cannot search thirdparties
2025-09-06 15:31:50,688 [INFO] ThirdPartyUpdaterWithRetryManager:96 - Updater plugin is busy. [14/15]
2025-09-06 15:31:53,696 [WARN] MainUpdater:1193 - Updater busy. Cannot search thirdparties
2025-09-06 15:31:53,696 [INFO] ThirdPartyUpdaterWithRetryManager:96 - Updater plugin is busy. [15/15]
2025-09-06 15:31:53,696 [ERROR] IntegrityCheckThread:130 - Cannot retrieve database content from updater: error -1
2025-09-06 15:31:53,696 [INFO] ThirdParty:978 - Integrity check success = false
2025-09-06 15:31:53,696 [INFO] IntegrityCheckThread:100 - exiting critical section [integrity check]
2025-09-06 15:31:53,696 [INFO] IntegrityCheckThread:103 - End integrity checks thread
2025-09-06 15:32:07,536 [INFO] ServerAccessManage:473 - Download File STMicroelectronics.X-CUBE-NFC12.pdsc
2025-09-06 15:32:10,815 [INFO] ServerAccessManage:473 - Download File STMicroelectronics.X-CUBE-ST60.pdsc
2025-09-06 15:32:12,082 [INFO] ServerAccessManage:473 - Download File STMicroelectronics.X-CUBE-ST67W61.pdsc
2025-09-06 15:32:16,745 [INFO] ServerAccessManage:473 - Download File STMicroelectronics.X-CUBE-STSE01.pdsc
2025-09-06 15:32:18,838 [INFO] ServerAccessManage:473 - Download File STMicroelectronics.X-CUBE-PM33A1.pdsc
2025-09-06 15:32:21,245 [INFO] ServerAccessManage:473 - Download File STMicroelectronics.X-CUBE-AZRTOS-H7.pdsc
2025-09-06 15:32:34,765 [WARN] PopulateThirdPartyThread:106 - Error when creating pack: C:/Users/popman/.stm32cubemx/thirdparties/pdsc/STMicroelectronics.FP-SNS-STBOX1.pdsc
2025-09-06 15:32:34,895 [WARN] PackLoader:240 - Cannot read IP mode file for STMicroelectronics.FP-SNS-STAIOTCFT.1.0.0
2025-09-06 15:32:34,921 [WARN] PackLoader:240 - Cannot read IP mode file for STMicroelectronics.X-CUBE-AI.10.2.0
2025-09-06 15:32:34,989 [WARN] PackLoader:240 - Cannot read IP mode file for STMicroelectronics.X-CUBE-BLEMGR.4.1.0
2025-09-06 15:32:35,044 [WARN] PackLoader:240 - Cannot read IP mode file for STMicroelectronics.X-CUBE-EEPRMA1.5.2.0
2025-09-06 15:32:35,082 [WARN] PackLoader:240 - Cannot read IP mode file for STMicroelectronics.X-CUBE-FREERTOS.1.3.1
2025-09-06 15:32:35,082 [INFO] CheckServerUpdateThread:120 - End of CheckServer Thread
2025-09-06 15:32:35,280 [WARN] PackLoader:240 - Cannot read IP mode file for STMicroelectronics.X-CUBE-MEMS1.11.3.0
2025-09-06 15:32:35,836 [WARN] PackLoader:240 - Cannot read IP mode file for STMicroelectronics.X-CUBE-NFC12.1.0.0
2025-09-06 15:32:35,852 [WARN] PackLoader:240 - Cannot read IP mode file for STMicroelectronics.X-CUBE-ST60.1.0.0
2025-09-06 15:32:35,861 [WARN] PackLoader:240 - Cannot read IP mode file for STMicroelectronics.X-CUBE-ST67W61.1.0.0
2025-09-06 15:32:35,890 [WARN] PackLoader:240 - Cannot read IP mode file for STMicroelectronics.X-CUBE-STSE01.1.0.0
2025-09-06 15:32:35,906 [WARN] PackLoader:240 - Cannot read IP mode file for STMicroelectronics.X-CUBE-PM33A1.1.0.0
2025-09-06 15:32:35,963 [WARN] PackLoader:240 - Cannot read IP mode file for STMicroelectronics.X-CUBE-AZRTOS-H7.3.4.0
2025-09-06 15:32:35,971 [INFO] PopulateThirdPartyThread:66 - Ending populate Thread
2025-09-06 15:32:35,971 [INFO] ThirdParty:1030 - CMSIS Pack Vendor :STMicroelectronics X-CUBE-FREERTOS 1.3.1
2025-09-06 15:32:35,971 [INFO] ThirdParty:1030 - CMSIS Pack Vendor :STMicroelectronics X-CUBE-BLEMGR 4.1.0
2025-09-06 15:32:35,978 [INFO] ThirdParty:1030 - CMSIS Pack Vendor :STMicroelectronics X-CUBE-EEPRMA1 5.2.0
2025-09-06 15:32:35,979 [INFO] ThirdParty:1030 - CMSIS Pack Vendor :STMicroelectronics X-CUBE-ST67W61 1.0.0
2025-09-06 15:32:35,979 [INFO] ThirdParty:1030 - CMSIS Pack Vendor :STMicroelectronics X-CUBE-PM33A1 1.0.0
2025-09-06 15:32:35,979 [INFO] ThirdParty:1030 - CMSIS Pack Vendor :STMicroelectronics X-CUBE-AZRTOS-H7 3.4.0
2025-09-06 15:32:35,979 [INFO] ThirdParty:1030 - CMSIS Pack Vendor :STMicroelectronics FP-SNS-STAIOTCFT 1.0.0
2025-09-06 15:32:35,979 [INFO] ThirdParty:1030 - CMSIS Pack Vendor :STMicroelectronics X-CUBE-AI 10.2.0
2025-09-06 15:32:35,979 [INFO] ThirdParty:1030 - CMSIS Pack Vendor :STMicroelectronics X-CUBE-ST60 1.0.0
2025-09-06 15:32:35,979 [INFO] ThirdParty:1030 - CMSIS Pack Vendor :STMicroelectronics X-CUBE-MEMS1 11.3.0
2025-09-06 15:32:35,979 [INFO] ThirdParty:1030 - CMSIS Pack Vendor :STMicroelectronics X-CUBE-NFC12 1.0.0
2025-09-06 15:32:35,979 [INFO] ThirdParty:1030 - CMSIS Pack Vendor :STMicroelectronics X-CUBE-STSE01 1.0.0
2025-09-06 15:32:35,979 [INFO] LoadServerUpdatesThread:375 - End of LoadServerUpdate Thread
2025-09-06 20:36:22,241 [INFO] WebApp:194 - Connection lost
2025-09-06 21:21:53,098 [INFO] WebApp:191 - Connection restablished
2025-09-06 21:21:53,336 [INFO] WebApp:194 - Connection lost
2025-09-06 21:21:53,691 [INFO] WebApp:191 - Connection restablished
2025-09-06 21:21:59,569 [ERROR] LogOutputStream:75 - [STDERR_REDIRECT] 
