2025-11-19 14:15:41,395 [INFO] Activator:176 - 


2025-11-19 14:15:41,400 [INFO] Activator:177 - !SESSION log4j initialized
2025-11-19 14:15:47,397 [INFO] LogOutputStream:77 - [STDOUT_REDIRECT] 
2025-11-19 14:15:49,187 [INFO] ApplicationProperties:184 - Using Application install path: C:\ST\STM32CubeIDE_1.18.0\STM32CubeIDE\plugins\com.st.stm32cube.common.mx_6.15.0.202507011659
2025-11-19 14:15:49,213 [INFO] DbMcusXml:78 - Set database path to: C:\ST\STM32CubeIDE_1.18.0\STM32CubeIDE\plugins\com.st.stm32cube.common.mx_6.15.0.202507011659\\db\/mcu/
2025-11-19 14:15:49,213 [INFO] ApiDb:274 - Set plugin database path to: C:\ST\STM32CubeIDE_1.18.0\STM32CubeIDE\plugins\com.st.stm32cube.common.mx_6.15.0.202507011659\\db\/plugins/boardmanager/
2025-11-19 14:15:49,215 [WARN] ApiDb:259 - Overriding images path with different value:  => C:\ST\STM32CubeIDE_1.18.0\STM32CubeIDE\plugins\com.st.stm32cube.common.mx_6.15.0.202507011659\\db\/plugins/mcufinder/images/
2025-11-19 14:15:49,230 [INFO] ApiDb:250 - Set database path to: C:\Users\popman\.stmcufinder\plugins\mcufinder//mcu/
2025-11-19 14:15:49,231 [INFO] DbMcusAds:125 - Set database path to: C:\Users\popman\.stmcufinder\plugins\mcufinder//mcu/
2025-11-19 14:15:49,236 [INFO] CrossReferenceDbSqlite:203 - Set database path to: C:\Users\popman\.stmcufinder\plugins\mcufinder//mcu/cs/
2025-11-19 14:15:49,392 [INFO] RulesReader:64 - Compatibility file has been processed (317 Rules)
2025-11-19 14:15:49,493 [INFO] DbMcusXml:78 - Set database path to: C:\ST\STM32CubeIDE_1.18.0\STM32CubeIDE\plugins\com.st.stm32cube.common.mx_6.15.0.202507011659\\db\/mcu/
2025-11-19 14:15:49,493 [INFO] ApiDb:274 - Set plugin database path to: C:\ST\STM32CubeIDE_1.18.0\STM32CubeIDE\plugins\com.st.stm32cube.common.mx_6.15.0.202507011659\\db\/plugins/boardmanager/
2025-11-19 14:15:49,493 [INFO] ApiDb:261 - Set plugin images path to: C:\ST\STM32CubeIDE_1.18.0\STM32CubeIDE\plugins\com.st.stm32cube.common.mx_6.15.0.202507011659\\db\/plugins/mcufinder/images/
2025-11-19 14:15:49,494 [WARN] DbFile:41 - Overriding database path with different value: C:\Users\popman\.stmcufinder\plugins\mcufinder/ => C:\Users\popman\.stmcufinder\plugins\mcufinder
2025-11-19 14:15:49,494 [INFO] ApiDb:250 - Set database path to: C:\Users\popman\.stmcufinder\plugins\mcufinder//mcu/
2025-11-19 14:15:49,494 [WARN] DbFile:41 - Overriding database path with different value: C:\Users\popman\.stmcufinder\plugins\mcufinder/ => C:\Users\popman\.stmcufinder\plugins\mcufinder
2025-11-19 14:15:49,494 [INFO] DbMcusAds:125 - Set database path to: C:\Users\popman\.stmcufinder\plugins\mcufinder//mcu/
2025-11-19 14:15:49,494 [WARN] DbFile:41 - Overriding database path with different value: C:\Users\popman\.stmcufinder\plugins\mcufinder/ => C:\Users\popman\.stmcufinder\plugins\mcufinder
2025-11-19 14:15:49,495 [WARN] DbFile:41 - Overriding database path with different value: C:\Users\popman\.stmcufinder\plugins\mcufinder/ => C:\Users\popman\.stmcufinder\plugins\mcufinder
2025-11-19 14:15:49,495 [INFO] CrossReferenceDbSqlite:203 - Set database path to: C:\Users\popman\.stmcufinder\plugins\mcufinder//mcu/cs/
2025-11-19 14:15:49,600 [INFO] MainPanel:274 - HeapMemory: 268435456
2025-11-19 14:15:49,733 [INFO] DbMcusXml:78 - Set database path to: C:\ST\STM32CubeIDE_1.18.0\STM32CubeIDE\plugins\com.st.stm32cube.common.mx_6.15.0.202507011659\\db\/mcu/
2025-11-19 14:15:49,734 [INFO] ApiDb:274 - Set plugin database path to: C:\ST\STM32CubeIDE_1.18.0\STM32CubeIDE\plugins\com.st.stm32cube.common.mx_6.15.0.202507011659\\db\/plugins/boardmanager/
2025-11-19 14:15:49,734 [INFO] ApiDb:261 - Set plugin images path to: C:\ST\STM32CubeIDE_1.18.0\STM32CubeIDE\plugins\com.st.stm32cube.common.mx_6.15.0.202507011659\\db\/plugins/mcufinder/images/
2025-11-19 14:15:49,735 [WARN] DbFile:41 - Overriding database path with different value: C:\Users\popman\.stmcufinder\plugins\mcufinder/ => C:\Users\popman\.stmcufinder\plugins\mcufinder
2025-11-19 14:15:49,735 [INFO] ApiDb:250 - Set database path to: C:\Users\popman\.stmcufinder\plugins\mcufinder//mcu/
2025-11-19 14:15:49,735 [WARN] DbFile:41 - Overriding database path with different value: C:\Users\popman\.stmcufinder\plugins\mcufinder/ => C:\Users\popman\.stmcufinder\plugins\mcufinder
2025-11-19 14:15:49,735 [INFO] DbMcusAds:125 - Set database path to: C:\Users\popman\.stmcufinder\plugins\mcufinder//mcu/
2025-11-19 14:15:49,735 [WARN] DbFile:41 - Overriding database path with different value: C:\Users\popman\.stmcufinder\plugins\mcufinder/ => C:\Users\popman\.stmcufinder\plugins\mcufinder
2025-11-19 14:15:49,736 [WARN] DbFile:41 - Overriding database path with different value: C:\Users\popman\.stmcufinder\plugins\mcufinder/ => C:\Users\popman\.stmcufinder\plugins\mcufinder
2025-11-19 14:15:49,736 [INFO] CrossReferenceDbSqlite:203 - Set database path to: C:\Users\popman\.stmcufinder\plugins\mcufinder//mcu/cs/
2025-11-19 14:15:49,754 [INFO] ApplicationProperties:184 - Using Application install path: C:\ST\STM32CubeIDE_1.18.0\STM32CubeIDE\plugins\com.st.stm32cube.common.mx_6.15.0.202507011659
2025-11-19 14:15:49,756 [INFO] PluginManage:196 - Search for loadable plugins [exclusion list=, ]
2025-11-19 14:15:49,758 [INFO] PluginManage:310 - Check plugin analytics
2025-11-19 14:15:49,946 [INFO] AnalyticsPlugin:253 - Accepted Software Licenses: STM32CubeMX.6.3.0,STM32CubeMX.6.12.0,STM32CubeMX.6.14.0
2025-11-19 14:15:49,946 [INFO] AnalyticsPlugin:255 - Accepted CMSIS Pack Licenses: 
2025-11-19 14:15:49,946 [INFO] AnalyticsPlugin:257 - Accepted Firmware Licenses: FW.F4.1.28.0
2025-11-19 14:15:49,947 [INFO] PluginManage:359 - Loaded plugin analytics (category:tool,tabindex:-1)
2025-11-19 14:15:49,947 [INFO] PluginManage:310 - Check plugin cadmodel
2025-11-19 14:15:49,956 [INFO] CADModel:105 - Init CAD model plugin
2025-11-19 14:15:49,956 [INFO] PluginManage:359 - Loaded plugin cadmodel (category:power,tabindex:5)
2025-11-19 14:15:49,956 [INFO] PluginManage:310 - Check plugin clock
2025-11-19 14:15:49,966 [INFO] PluginManage:359 - Loaded plugin clock (category:base,tabindex:2)
2025-11-19 14:15:49,967 [INFO] PluginManage:310 - Check plugin ddr
2025-11-19 14:15:49,972 [INFO] PluginManage:359 - Loaded plugin ddr (category:tool,tabindex:6)
2025-11-19 14:15:49,972 [INFO] PluginManage:310 - Check plugin filemanager
2025-11-19 14:15:50,142 [INFO] PluginManage:359 - Loaded plugin filemanager (category:base,tabindex:10)
2025-11-19 14:15:50,142 [INFO] PluginManage:310 - Check plugin ipmanager
2025-11-19 14:15:50,150 [INFO] PluginManage:359 - Loaded plugin ipmanager (category:base,tabindex:5)
2025-11-19 14:15:50,150 [INFO] PluginManage:310 - Check plugin lpbam
2025-11-19 14:15:50,161 [INFO] PluginManage:359 - Loaded plugin lpbam (category:base,tabindex:0)
2025-11-19 14:15:50,161 [INFO] PluginManage:310 - Check plugin memorymap
2025-11-19 14:15:50,182 [INFO] PluginManage:359 - Loaded plugin memorymap (category:base,tabindex:4)
2025-11-19 14:15:50,182 [INFO] PluginManage:310 - Check plugin pinoutandconfiguration
2025-11-19 14:15:50,193 [INFO] PluginManage:359 - Loaded plugin pinoutandconfiguration (category:base,tabindex:1)
2025-11-19 14:15:50,194 [INFO] PluginManage:310 - Check plugin pinoutconfig
2025-11-19 14:15:50,315 [WARN] SupportedApi:132 - Cannot load RTOS API schema: s4s-elt-must-match.1: The content of 'definitions' must match (annotation?, (simpleType | complexType)?, (unique | key | keyref)*)). A problem was found starting at: attribute.
2025-11-19 14:15:50,471 [INFO] PluginManage:359 - Loaded plugin pinoutconfig (category:base,tabindex:0)
2025-11-19 14:15:50,471 [INFO] PluginManage:310 - Check plugin power
2025-11-19 14:15:50,485 [INFO] PluginManage:359 - Loaded plugin power (category:power,tabindex:4)
2025-11-19 14:15:50,485 [INFO] PluginManage:310 - Check plugin projectmanager
2025-11-19 14:15:50,504 [INFO] PluginManage:359 - Loaded plugin projectmanager (category:projectmanager,tabindex:4)
2025-11-19 14:15:50,504 [INFO] PluginManage:310 - Check plugin rif
2025-11-19 14:15:50,518 [INFO] PluginManage:359 - Loaded plugin rif (category:base,tabindex:3)
2025-11-19 14:15:50,518 [INFO] PluginManage:310 - Check plugin thirdparty
2025-11-19 14:15:50,705 [INFO] PluginManage:359 - Loaded plugin thirdparty (category:base,tabindex:-1)
2025-11-19 14:15:50,705 [WARN] IntegrityCheckThread:84 - waiting for thirdparty lock release [integrity check]
2025-11-19 14:15:50,705 [INFO] PluginManage:310 - Check plugin tools
2025-11-19 14:15:50,705 [INFO] IntegrityCheckThread:86 - entering critical section [integrity check]
2025-11-19 14:15:50,705 [INFO] ThirdPartyUpdaterWithRetryManager:70 - Updater plugin not ready yet. [1/15]
2025-11-19 14:15:50,709 [INFO] PluginManage:359 - Loaded plugin tools (category:base,tabindex:7)
2025-11-19 14:15:50,709 [INFO] PluginManage:310 - Check plugin tutovideos
2025-11-19 14:15:50,947 [INFO] PluginManage:359 - Loaded plugin tutovideos (category:base,tabindex:-1)
2025-11-19 14:15:50,947 [INFO] PluginManage:310 - Check plugin updater
2025-11-19 14:15:50,974 [INFO] PluginManage:359 - Loaded plugin updater (category:base,tabindex:12)
2025-11-19 14:15:50,974 [INFO] PluginManage:310 - Check plugin userauth
2025-11-19 14:15:50,979 [INFO] UserAuth:118 - Init User Auth plugin
2025-11-19 14:15:50,980 [INFO] PluginManage:359 - Loaded plugin userauth (category:base,tabindex:14)
2025-11-19 14:15:50,981 [INFO] PluginManage:283 - PluginManage : Loaded plugins [18]
2025-11-19 14:15:51,266 [INFO] PinOutPanel:1589 - setPackage(No Configuration,No Configuration)
2025-11-19 14:15:51,354 [INFO] CADModel:165 - CPN selected for project level
2025-11-19 14:15:51,354 [INFO] CADModel:114 - Register for checkConnection events
2025-11-19 14:15:51,374 [INFO] IPUIPlugin:80 - create IPUIPlugin
2025-11-19 14:15:51,375 [INFO] PluginManager:220 - loadIPPluginJar : add adc
2025-11-19 14:15:51,378 [INFO] IPUIPlugin:80 - create IPUIPlugin
2025-11-19 14:15:51,378 [INFO] PluginManager:220 - loadIPPluginJar : add aes
2025-11-19 14:15:51,380 [INFO] IPUIPlugin:80 - create IPUIPlugin
2025-11-19 14:15:51,381 [INFO] PluginManager:220 - loadIPPluginJar : add can
2025-11-19 14:15:51,383 [INFO] IPUIPlugin:80 - create IPUIPlugin
2025-11-19 14:15:51,383 [INFO] PluginManager:220 - loadIPPluginJar : add comp
2025-11-19 14:15:51,386 [INFO] IPUIPlugin:80 - create IPUIPlugin
2025-11-19 14:15:51,386 [INFO] PluginManager:220 - loadIPPluginJar : add cryp
2025-11-19 14:15:51,390 [INFO] IPUIPlugin:80 - create IPUIPlugin
2025-11-19 14:15:51,390 [INFO] PluginManager:220 - loadIPPluginJar : add ddr_ctrl_phy
2025-11-19 14:15:51,392 [INFO] IPUIPlugin:80 - create IPUIPlugin
2025-11-19 14:15:51,392 [INFO] PluginManager:220 - loadIPPluginJar : add dfsdm
2025-11-19 14:15:51,399 [INFO] IPUIPlugin:80 - create IPUIPlugin
2025-11-19 14:15:51,399 [INFO] PluginManager:220 - loadIPPluginJar : add dma
2025-11-19 14:15:51,402 [INFO] IPUIPlugin:80 - create IPUIPlugin
2025-11-19 14:15:51,402 [INFO] PluginManager:220 - loadIPPluginJar : add dma3
2025-11-19 14:15:51,405 [INFO] IPUIPlugin:80 - create IPUIPlugin
2025-11-19 14:15:51,406 [INFO] PluginManager:220 - loadIPPluginJar : add extmemmanager
2025-11-19 14:15:51,407 [INFO] IPUIPlugin:80 - create IPUIPlugin
2025-11-19 14:15:51,407 [INFO] PluginManager:220 - loadIPPluginJar : add fatfs
2025-11-19 14:15:51,412 [INFO] IPUIPlugin:80 - create IPUIPlugin
2025-11-19 14:15:51,412 [INFO] PluginManager:220 - loadIPPluginJar : add fmc
2025-11-19 14:15:51,420 [INFO] IPUIPlugin:80 - create IPUIPlugin
2025-11-19 14:15:51,421 [INFO] PluginManager:220 - loadIPPluginJar : add freertos
2025-11-19 14:15:51,423 [INFO] IPUIPlugin:80 - create IPUIPlugin
2025-11-19 14:15:51,423 [INFO] PluginManager:220 - loadIPPluginJar : add genericplugin
2025-11-19 14:15:51,425 [INFO] IPUIPlugin:80 - create IPUIPlugin
2025-11-19 14:15:51,425 [INFO] PluginManager:220 - loadIPPluginJar : add gfxmmu
2025-11-19 14:15:51,431 [INFO] IPUIPlugin:80 - create IPUIPlugin
2025-11-19 14:15:51,431 [INFO] PluginManager:220 - loadIPPluginJar : add gic
2025-11-19 14:15:51,435 [INFO] IPUIPlugin:80 - create IPUIPlugin
2025-11-19 14:15:51,435 [INFO] PluginManager:220 - loadIPPluginJar : add gpio
2025-11-19 14:15:51,439 [INFO] IPUIPlugin:80 - create IPUIPlugin
2025-11-19 14:15:51,439 [INFO] PluginManager:220 - loadIPPluginJar : add gtzc
2025-11-19 14:15:51,441 [INFO] IPUIPlugin:80 - create IPUIPlugin
2025-11-19 14:15:51,442 [INFO] PluginManager:220 - loadIPPluginJar : add hash
2025-11-19 14:15:51,446 [INFO] IPUIPlugin:80 - create IPUIPlugin
2025-11-19 14:15:51,446 [INFO] PluginManager:220 - loadIPPluginJar : add i2c
2025-11-19 14:15:51,448 [INFO] IPUIPlugin:80 - create IPUIPlugin
2025-11-19 14:15:51,448 [INFO] PluginManager:220 - loadIPPluginJar : add i2s
2025-11-19 14:15:51,453 [INFO] IPUIPlugin:80 - create IPUIPlugin
2025-11-19 14:15:51,453 [INFO] PluginManager:220 - loadIPPluginJar : add i3c
2025-11-19 14:15:51,458 [INFO] IPUIPlugin:80 - create IPUIPlugin
2025-11-19 14:15:51,458 [INFO] PluginManager:220 - loadIPPluginJar : add ipddr
2025-11-19 14:15:51,468 [INFO] IPUIPlugin:80 - create IPUIPlugin
2025-11-19 14:15:51,468 [INFO] PluginManager:220 - loadIPPluginJar : add linkedlist
2025-11-19 14:15:51,473 [INFO] IPUIPlugin:80 - create IPUIPlugin
2025-11-19 14:15:51,473 [INFO] PluginManager:220 - loadIPPluginJar : add lorawan
2025-11-19 14:15:51,475 [INFO] IPUIPlugin:80 - create IPUIPlugin
2025-11-19 14:15:51,475 [INFO] PluginManager:220 - loadIPPluginJar : add ltdc
2025-11-19 14:15:51,483 [INFO] IPUIPlugin:80 - create IPUIPlugin
2025-11-19 14:15:51,483 [INFO] PluginManager:220 - loadIPPluginJar : add mdma
2025-11-19 14:15:51,488 [INFO] IPUIPlugin:80 - create IPUIPlugin
2025-11-19 14:15:51,488 [INFO] PluginManager:220 - loadIPPluginJar : add nvic
2025-11-19 14:15:51,492 [INFO] IPUIPlugin:80 - create IPUIPlugin
2025-11-19 14:15:51,493 [INFO] PluginManager:220 - loadIPPluginJar : add opamp
2025-11-19 14:15:51,496 [INFO] IPUIPlugin:80 - create IPUIPlugin
2025-11-19 14:15:51,496 [INFO] PluginManager:220 - loadIPPluginJar : add openamp
2025-11-19 14:15:51,500 [INFO] IPUIPlugin:80 - create IPUIPlugin
2025-11-19 14:15:51,500 [INFO] PluginManager:220 - loadIPPluginJar : add pdm2pcm
2025-11-19 14:15:51,507 [INFO] IPUIPlugin:80 - create IPUIPlugin
2025-11-19 14:15:51,509 [INFO] PluginManager:220 - loadIPPluginJar : add plateformsettings
2025-11-19 14:15:51,511 [INFO] IPUIPlugin:80 - create IPUIPlugin
2025-11-19 14:15:51,511 [INFO] PluginManager:220 - loadIPPluginJar : add quadspi
2025-11-19 14:15:51,514 [INFO] IPUIPlugin:80 - create IPUIPlugin
2025-11-19 14:15:51,514 [INFO] PluginManager:220 - loadIPPluginJar : add radio
2025-11-19 14:15:51,521 [INFO] IPUIPlugin:80 - create IPUIPlugin
2025-11-19 14:15:51,521 [INFO] PluginManager:220 - loadIPPluginJar : add resmgrutility
2025-11-19 14:15:51,525 [INFO] IPUIPlugin:80 - create IPUIPlugin
2025-11-19 14:15:51,525 [INFO] PluginManager:220 - loadIPPluginJar : add sai
2025-11-19 14:15:51,528 [INFO] IPUIPlugin:80 - create IPUIPlugin
2025-11-19 14:15:51,529 [INFO] PluginManager:220 - loadIPPluginJar : add spi
2025-11-19 14:15:51,534 [INFO] IPUIPlugin:80 - create IPUIPlugin
2025-11-19 14:15:51,534 [INFO] PluginManager:220 - loadIPPluginJar : add stm32_wpan
2025-11-19 14:15:51,537 [INFO] IPUIPlugin:80 - create IPUIPlugin
2025-11-19 14:15:51,537 [INFO] PluginManager:220 - loadIPPluginJar : add tim
2025-11-19 14:15:51,541 [INFO] IPUIPlugin:80 - create IPUIPlugin
2025-11-19 14:15:51,541 [INFO] PluginManager:220 - loadIPPluginJar : add touchsensing
2025-11-19 14:15:51,544 [INFO] IPUIPlugin:80 - create IPUIPlugin
2025-11-19 14:15:51,544 [INFO] PluginManager:220 - loadIPPluginJar : add tracer_emb
2025-11-19 14:15:51,547 [INFO] IPUIPlugin:80 - create IPUIPlugin
2025-11-19 14:15:51,547 [INFO] PluginManager:220 - loadIPPluginJar : add ts
2025-11-19 14:15:51,549 [INFO] IPUIPlugin:80 - create IPUIPlugin
2025-11-19 14:15:51,549 [INFO] PluginManager:220 - loadIPPluginJar : add tsc
2025-11-19 14:15:51,551 [INFO] IPUIPlugin:80 - create IPUIPlugin
2025-11-19 14:15:51,551 [INFO] PluginManager:220 - loadIPPluginJar : add ucpd
2025-11-19 14:15:51,555 [INFO] IPUIPlugin:80 - create IPUIPlugin
2025-11-19 14:15:51,555 [INFO] PluginManager:220 - loadIPPluginJar : add usart
2025-11-19 14:15:51,558 [INFO] IPUIPlugin:80 - create IPUIPlugin
2025-11-19 14:15:51,558 [INFO] PluginManager:220 - loadIPPluginJar : add usbx
2025-11-19 14:15:51,693 [FATAL] Updater:351 - Updater called before beeing initialized
2025-11-19 14:15:51,737 [INFO] RulesReader:64 - Compatibility file has been processed (317 Rules)
2025-11-19 14:15:51,749 [INFO] RulesReader:64 - Compatibility file has been processed (317 Rules)
2025-11-19 14:15:51,758 [INFO] CADModel:165 - CPN selected for project level
2025-11-19 14:15:51,758 [INFO] CADModel:114 - Register for checkConnection events
2025-11-19 14:15:51,758 [FATAL] Updater:351 - Updater called before beeing initialized
2025-11-19 14:15:51,758 [ERROR] CADModel:125 - Updater not yet initialized, retry later 
2025-11-19 14:15:51,963 [FATAL] Updater:351 - Updater called before beeing initialized
2025-11-19 14:15:51,966 [INFO] CADModel:165 - CPN selected for project level
2025-11-19 14:15:51,966 [INFO] CADModel:114 - Register for checkConnection events
2025-11-19 14:15:51,966 [FATAL] Updater:351 - Updater called before beeing initialized
2025-11-19 14:15:51,966 [ERROR] CADModel:125 - Updater not yet initialized, retry later 
2025-11-19 14:15:51,971 [FATAL] Updater:351 - Updater called before beeing initialized
2025-11-19 14:15:52,124 [FATAL] Updater:351 - Updater called before beeing initialized
2025-11-19 14:15:52,127 [INFO] DbMcusAds:53 - JSON generation date=Thu Oct 02 12:36:05 EEST 2025 (1759397765645)
2025-11-19 14:15:52,127 [FATAL] Updater:351 - Updater called before beeing initialized
2025-11-19 14:15:52,166 [WARN] DetailPanel:346 - Failed to get advertising image, set to default
2025-11-19 14:15:52,244 [FATAL] Updater:351 - Updater called before beeing initialized
2025-11-19 14:15:52,247 [FATAL] Updater:351 - Updater called before beeing initialized
2025-11-19 14:15:52,247 [FATAL] Updater:351 - Updater called before beeing initialized
2025-11-19 14:15:52,247 [WARN] DetailPanel:346 - Failed to get advertising image, set to default
2025-11-19 14:15:52,248 [FATAL] Updater:351 - Updater called before beeing initialized
2025-11-19 14:15:52,294 [ERROR] Updater:1198 - MainUpdater not yet initialized. External WinMGr cannot be set.
2025-11-19 14:15:52,297 [INFO] Updater:1134 - Updater Version found : 6.15.0
2025-11-19 14:15:52,315 [INFO] ApplicationProperties:184 - Using Application install path: C:\ST\STM32CubeIDE_1.18.0\STM32CubeIDE\plugins\com.st.stm32cube.common.mx_6.15.0.202507011659
2025-11-19 14:15:53,049 [INFO] MainUpdater:2872 - connection check result : 10
2025-11-19 14:15:53,050 [INFO] MainUpdater:289 - Updater Check For Update Now.
2025-11-19 14:15:53,050 [INFO] MicroXplorer:498 - Change Database Version : DB.6.0.150
2025-11-19 14:15:53,073 [INFO] McuFinderGlobals:63 - Set McuFinder mode to 2 (CubeIDE integrated)
2025-11-19 14:15:53,074 [INFO] UserAuth:487 - Internet connection configuration mode: 1
2025-11-19 14:15:53,105 [INFO] JxBrowserEngine:152 - Initiate JxBrowser Engine with user profile folder
2025-11-19 14:15:53,266 [INFO] CheckServerUpdateThread:120 - End of CheckServer Thread
2025-11-19 14:15:54,425 [WARN] PackLoader:240 - Cannot read IP mode file for STMicroelectronics.FP-SNS-MOTENVWB1.1.4.0
2025-11-19 14:15:54,437 [WARN] PackLoader:240 - Cannot read IP mode file for STMicroelectronics.FP-ATR-ASTRA1.2.0.2
2025-11-19 14:15:54,442 [WARN] PackLoader:240 - Cannot read IP mode file for STMicroelectronics.FP-ATR-ASTRA1.2.0.1
2025-11-19 14:15:54,453 [WARN] PackLoader:240 - Cannot read IP mode file for STMicroelectronics.X-CUBE-SMBUS.2.1.0
2025-11-19 14:15:54,463 [WARN] PackLoader:240 - Cannot read IP mode file for STMicroelectronics.X-CUBE-WB05N.1.1.0
2025-11-19 14:15:54,472 [WARN] PackLoader:240 - Cannot read IP mode file for STMicroelectronics.X-CUBE-ST60.1.0.0
2025-11-19 14:15:54,513 [WARN] PackLoader:240 - Cannot read IP mode file for STMicroelectronics.X-CUBE-AZRTOS-F7.1.1.0
2025-11-19 14:15:54,598 [WARN] PackLoader:240 - Cannot read IP mode file for STMicroelectronics.X-CUBE-MEMS1.11.0.0
2025-11-19 14:15:54,761 [WARN] PackLoader:240 - Cannot read IP mode file for STMicroelectronics.FP-SNS-FLIGHT1.5.0.2
2025-11-19 14:15:54,784 [WARN] PackLoader:240 - Cannot read IP mode file for STMicroelectronics.X-CUBE-AZRTOS-H7.3.4.0
2025-11-19 14:15:54,792 [WARN] PackLoader:240 - Cannot read IP mode file for STMicroelectronics.X-CUBE-DISPLAY.3.0.0
2025-11-19 14:15:54,800 [WARN] PackLoader:240 - Cannot read IP mode file for STMicroelectronics.X-CUBE-BLE1.7.0.0
2025-11-19 14:15:54,805 [WARN] PackLoader:240 - Cannot read IP mode file for STMicroelectronics.X-CUBE-NFC10.1.0.0
2025-11-19 14:15:54,812 [WARN] PackLoader:240 - Cannot read IP mode file for STMicroelectronics.X-CUBE-BLEMGR.4.0.0
2025-11-19 14:15:54,819 [WARN] PackLoader:240 - Cannot read IP mode file for emotas.I-CUBE-CANOPEN.1.3.0
2025-11-19 14:15:54,827 [WARN] PackLoader:240 - Cannot read IP mode file for STMicroelectronics.X-CUBE-BLEMGR.3.1.0
2025-11-19 14:15:54,835 [WARN] PackLoader:240 - Cannot read IP mode file for STMicroelectronics.X-CUBE-AI.10.0.0
2025-11-19 14:15:54,843 [WARN] PackLoader:240 - Cannot read IP mode file for STMicroelectronics.FP-SNS-STBOX1.2.1.0
2025-11-19 14:15:54,849 [WARN] PackLoader:240 - Cannot read IP mode file for STMicroelectronics.FP-SNS-SMARTAG2.1.2.0
2025-11-19 14:15:54,853 [WARN] PackLoader:240 - Cannot read IP mode file for STMicroelectronics.FP-SNS-FLIGHT1.5.1.0
2025-11-19 14:15:54,897 [WARN] PackLoader:240 - Cannot read IP mode file for STMicroelectronics.X-CUBE-MEMS1.11.1.0
2025-11-19 14:15:54,979 [INFO] LogOutputStream:77 - [STDOUT_REDIRECT] 1 : Invalid condition id : UX_CORESTACK_Condition cause : null
2025-11-19 14:15:54,980 [INFO] LogOutputStream:77 - [STDOUT_REDIRECT] 1 : Invalid condition id : UX_CORESTACK_Condition cause : null
2025-11-19 14:15:54,982 [INFO] LogOutputStream:77 - [STDOUT_REDIRECT] 1 : Invalid condition id : UX_CORESTACK_Condition cause : null
2025-11-19 14:15:54,983 [INFO] LogOutputStream:77 - [STDOUT_REDIRECT] 1 : Invalid condition id : UX_CORESTACK_Condition cause : null
2025-11-19 14:15:54,985 [INFO] LogOutputStream:77 - [STDOUT_REDIRECT] 1 : Invalid condition id : UX_CORESTACK_Condition cause : null
2025-11-19 14:15:55,009 [WARN] PackLoader:240 - Cannot read IP mode file for STMicroelectronics.X-CUBE-AZRTOS-WL.2.0.0
2025-11-19 14:15:55,018 [WARN] PackLoader:240 - Cannot read IP mode file for STMicroelectronics.FP-SNS-MOTENV1.5.0.0
2025-11-19 14:15:55,021 [INFO] WebApp:169 - Instantiating new browser for Auth
2025-11-19 14:15:55,026 [WARN] PackLoader:240 - Cannot read IP mode file for wolfSSL.I-CUBE-wolfMQTT.1.19.0
2025-11-19 14:15:55,036 [WARN] PackLoader:240 - Cannot read IP mode file for WES.I-CUBE-Cesium.1.3.0
2025-11-19 14:15:55,044 [WARN] PackLoader:240 - Cannot read IP mode file for STMicroelectronics.X-CUBE-BLE2.3.3.0
2025-11-19 14:15:55,054 [WARN] PackLoader:240 - Cannot read IP mode file for STMicroelectronics.X-CUBE-NFC9.1.0.0
2025-11-19 14:15:55,064 [WARN] PackLoader:240 - Cannot read IP mode file for STMicroelectronics.X-CUBE-BLE1.7.1.0
2025-11-19 14:15:55,073 [WARN] PackLoader:240 - Cannot read IP mode file for STMicroelectronics.X-CUBE-TCPP.4.1.0
2025-11-19 14:15:55,084 [WARN] PackLoader:240 - Cannot read IP mode file for STMicroelectronics.X-CUBE-EEPRMA1.5.2.0
2025-11-19 14:15:55,096 [WARN] PackLoader:240 - Cannot read IP mode file for STMicroelectronics.X-CUBE-ST67W61.1.1.0
2025-11-19 14:15:55,158 [WARN] PackLoader:240 - Cannot read IP mode file for STMicroelectronics.X-CUBE-MEMS1.11.2.0
2025-11-19 14:15:55,249 [WARN] PackLoader:240 - Cannot read IP mode file for STMicroelectronics.X-CUBE-AZRTOS-G0.1.1.0
2025-11-19 14:15:55,254 [WARN] PackLoader:240 - Cannot read IP mode file for STMicroelectronics.X-CUBE-SAFEA1.1.2.2
2025-11-19 14:15:55,258 [WARN] PackLoader:240 - Cannot read IP mode file for STMicroelectronics.X-CUBE-NFC4.3.0.0
2025-11-19 14:15:55,266 [WARN] PackLoader:240 - Cannot read IP mode file for EmbeddedOffice.I-CUBE-FS-RTOS.1.0.1
2025-11-19 14:15:55,271 [WARN] PackLoader:240 - Cannot read IP mode file for STMicroelectronics.X-CUBE-WB05N.2.0.0
2025-11-19 14:15:55,275 [WARN] PackLoader:240 - Cannot read IP mode file for STMicroelectronics.X-CUBE-TCPP.4.2.0
2025-11-19 14:15:55,279 [WARN] PackLoader:240 - Cannot read IP mode file for RealThread.X-CUBE-RT-Thread_Nano.4.1.1
2025-11-19 14:15:55,283 [WARN] PackLoader:240 - Cannot read IP mode file for STMicroelectronics.FP-ATR-SIGFOX1.3.2.0
2025-11-19 14:15:55,286 [WARN] PackLoader:240 - Cannot read IP mode file for wolfSSL.I-CUBE-wolfSSL.5.7.2
2025-11-19 14:15:55,289 [WARN] ConditionMgr:438 - getConditionDescription Invalid condition id : Cortex-A Device cause : null
2025-11-19 14:15:55,303 [WARN] ConditionMgr:1044 - genDependencies : Invalid condition id : Cortex-A Device cause : null
2025-11-19 14:15:55,303 [WARN] ConditionMgr:1044 - genDependencies : Invalid condition id : Cortex-A Device cause : null
2025-11-19 14:15:55,303 [WARN] ConditionMgr:1044 - genDependencies : Invalid condition id : Cortex-A Device cause : null
2025-11-19 14:15:55,309 [WARN] PackLoader:240 - Cannot read IP mode file for STMicroelectronics.X-CUBE-EEPRMA1.5.1.0
2025-11-19 14:15:55,319 [WARN] PackLoader:240 - Cannot read IP mode file for ITTIA_DB.I-CUBE-ITTIADB.8.9.0
2025-11-19 14:15:55,329 [WARN] PackLoader:240 - Cannot read IP mode file for STMicroelectronics.X-CUBE-ST67W61.1.0.0
2025-11-19 14:15:55,334 [WARN] PackLoader:240 - Cannot read IP mode file for STMicroelectronics.X-CUBE-AI.10.2.0
2025-11-19 14:15:55,355 [WARN] PackLoader:240 - Cannot read IP mode file for SEGGER.I-CUBE-embOS.1.3.1
2025-11-19 14:15:55,385 [WARN] PackLoader:240 - Cannot read IP mode file for STMicroelectronics.X-CUBE-ALGOBUILD.1.4.0
2025-11-19 14:15:55,411 [WARN] PackLoader:240 - Cannot read IP mode file for STMicroelectronics.X-CUBE-MEMS1.11.3.0
2025-11-19 14:15:55,497 [WARN] PackLoader:240 - Cannot read IP mode file for STMicroelectronics.X-CUBE-AI.9.1.0
2025-11-19 14:15:55,501 [WARN] PackLoader:240 - Cannot read IP mode file for STMicroelectronics.X-CUBE-PM33A1.1.0.0
2025-11-19 14:15:55,505 [WARN] PackLoader:240 - Cannot read IP mode file for STMicroelectronics.X-CUBE-GNSS1.6.0.0
2025-11-19 14:15:55,514 [WARN] PackLoader:240 - Cannot read IP mode file for STMicroelectronics.X-CUBE-AZRTOS-F4.1.1.0
2025-11-19 14:15:55,518 [WARN] PackLoader:240 - Cannot read IP mode file for Avnet-IotConnect.X-CUBE-IoTC-DA16k-PMOD.1.0.0
2025-11-19 14:15:55,523 [WARN] PackLoader:240 - Cannot read IP mode file for STMicroelectronics.X-CUBE-ISPU.2.1.0
2025-11-19 14:15:55,532 [WARN] PackLoader:240 - Cannot read IP mode file for STMicroelectronics.X-CUBE-IPS.3.2.0
2025-11-19 14:15:55,552 [WARN] PackLoader:240 - Cannot read IP mode file for STMicroelectronics.X-CUBE-FREERTOS.1.2.0
2025-11-19 14:15:55,558 [WARN] PackLoader:240 - Cannot read IP mode file for STMicroelectronics.X-CUBE-NFC12.1.0.0
2025-11-19 14:15:55,575 [WARN] PackLoader:240 - Cannot read IP mode file for STMicroelectronics.X-CUBE-AZRTOS-L5.2.0.0
2025-11-19 14:15:55,586 [WARN] PackLoader:240 - Cannot read IP mode file for STMicroelectronics.X-CUBE-NFC6.3.1.0
2025-11-19 14:15:55,601 [WARN] PackLoader:240 - Cannot read IP mode file for STMicroelectronics.X-CUBE-DPower.1.2.0
2025-11-19 14:15:55,607 [WARN] PackLoader:240 - Cannot read IP mode file for STMicroelectronics.X-CUBE-AI.9.0.0
2025-11-19 14:15:55,612 [WARN] PackLoader:240 - Cannot read IP mode file for STMicroelectronics.X-CUBE-FREERTOS.1.3.1
2025-11-19 14:15:55,618 [WARN] PackLoader:240 - Cannot read IP mode file for STMicroelectronics.X-CUBE-FREERTOS.1.3.0
2025-11-19 14:15:55,623 [WARN] PackLoader:240 - Cannot read IP mode file for STMicroelectronics.X-CUBE-NFC7.1.0.1
2025-11-19 14:15:55,632 [WARN] PackLoader:240 - Cannot read IP mode file for STMicroelectronics.X-CUBE-TOUCHGFX.4.26.0
2025-11-19 14:15:55,636 [WARN] PackLoader:240 - Cannot read IP mode file for STMicroelectronics.FP-SNS-STAIOTCFT.1.0.0
2025-11-19 14:15:55,638 [WARN] PackLoader:240 - Cannot read IP mode file for STMicroelectronics.X-CUBE-DPower.1.3.0
2025-11-19 14:15:55,648 [WARN] ConditionMgr:438 - getConditionDescription Invalid condition id : LAN8742 Phy interface Condition cause : null
2025-11-19 14:15:55,648 [WARN] PackLoader:240 - Cannot read IP mode file for STMicroelectronics.X-CUBE-AZRTOS-L4.2.0.0
2025-11-19 14:15:55,649 [WARN] ConditionMgr:1044 - genDependencies : Invalid condition id : LAN8742 Phy interface Condition cause : null
2025-11-19 14:15:55,649 [WARN] ConditionMgr:1044 - genDependencies : Invalid condition id : LAN8742 Phy interface Condition cause : null
2025-11-19 14:15:55,649 [WARN] ConditionMgr:1044 - genDependencies : Invalid condition id : LAN8742 Phy interface Condition cause : null
2025-11-19 14:15:55,654 [WARN] PackLoader:240 - Cannot read IP mode file for STMicroelectronics.X-CUBE-SFXS2LP1.4.0.0
2025-11-19 14:15:55,664 [WARN] PackLoader:240 - Cannot read IP mode file for STMicroelectronics.X-CUBE-AZRTOS-H7.3.3.0
2025-11-19 14:15:55,671 [WARN] PackLoader:240 - Cannot read IP mode file for STMicroelectronics.X-CUBE-BLEMGR.4.1.0
2025-11-19 14:15:55,677 [WARN] PackLoader:240 - Cannot read IP mode file for STMicroelectronics.X-CUBE-IPS.3.0.0
2025-11-19 14:15:55,684 [WARN] ConditionMgr:438 - getConditionDescription Invalid condition id : UX DEVICE CLASS RTOS Condition cause : null
2025-11-19 14:15:55,684 [WARN] ConditionMgr:438 - getConditionDescription Invalid condition id : UX DEVICE CLASS RTOS Condition cause : null
2025-11-19 14:15:55,685 [WARN] PackLoader:240 - Cannot read IP mode file for STMicroelectronics.X-CUBE-AZRTOS-WB.2.0.0
2025-11-19 14:15:55,685 [WARN] ConditionMgr:1044 - genDependencies : Invalid condition id : UX DEVICE CLASS RTOS Condition cause : null
2025-11-19 14:15:55,685 [WARN] ConditionMgr:1044 - genDependencies : Invalid condition id : UX DEVICE CLASS RTOS Condition cause : null
2025-11-19 14:15:55,685 [WARN] ConditionMgr:1044 - genDependencies : Invalid condition id : UX DEVICE CLASS RTOS Condition cause : null
2025-11-19 14:15:55,685 [WARN] ConditionMgr:1044 - genDependencies : Invalid condition id : UX DEVICE CLASS RTOS Condition cause : null
2025-11-19 14:15:55,685 [WARN] ConditionMgr:1044 - genDependencies : Invalid condition id : UX DEVICE CLASS RTOS Condition cause : null
2025-11-19 14:15:55,688 [WARN] PackLoader:240 - Cannot read IP mode file for STMicroelectronics.X-CUBE-GNSS1.7.0.0
2025-11-19 14:15:55,691 [WARN] PackLoader:240 - Cannot read IP mode file for STMicroelectronics.X-CUBE-GNSS1.7.0.1
2025-11-19 14:15:55,693 [WARN] PackLoader:240 - Cannot read IP mode file for STMicroelectronics.X-CUBE-TOUCHGFX.4.25.0
2025-11-19 14:15:55,696 [WARN] PackLoader:240 - Cannot read IP mode file for STMicroelectronics.FP-SNS-STBOX1.2.0.0
2025-11-19 14:15:55,703 [WARN] PackLoader:240 - Cannot read IP mode file for STMicroelectronics.X-CUBE-SUBG2.5.0.0
2025-11-19 14:15:55,716 [WARN] PackLoader:240 - Cannot read IP mode file for STMicroelectronics.X-CUBE-AZRTOS-H7RS.1.1.0
2025-11-19 14:15:55,724 [WARN] PackLoader:240 - Cannot read IP mode file for Cesanta.I-CUBE-Mongoose.7.13.0
2025-11-19 14:15:55,828 [WARN] PackLoader:240 - Cannot read IP mode file for STMicroelectronics.X-CUBE-AZRTOS-G4.2.0.0
2025-11-19 14:15:55,849 [WARN] PackLoader:240 - Cannot read IP mode file for STMicroelectronics.X-CUBE-NFC7.2.0.0
2025-11-19 14:15:55,854 [WARN] PackLoader:240 - Cannot read IP mode file for STMicroelectronics.X-CUBE-ISPU.2.0.0
2025-11-19 14:15:55,864 [WARN] PackLoader:240 - Cannot read IP mode file for STMicroelectronics.X-CUBE-IPS.3.1.0
2025-11-19 14:15:55,873 [WARN] PackLoader:240 - Cannot read IP mode file for STMicroelectronics.X-CUBE-ALS.1.0.2
2025-11-19 14:15:55,877 [WARN] PackLoader:240 - Cannot read IP mode file for STMicroelectronics.X-CUBE-TOUCHGFX.4.24.0
2025-11-19 14:15:55,879 [WARN] PackLoader:240 - Cannot read IP mode file for STMicroelectronics.X-CUBE-TOUCHGFX.4.24.1
2025-11-19 14:15:55,885 [WARN] PackLoader:240 - Cannot read IP mode file for STMicroelectronics.X-CUBE-STSE01.1.0.0
2025-11-19 14:15:55,889 [WARN] PackLoader:240 - Cannot read IP mode file for wolfSSL.I-CUBE-wolfTPM.3.4.0
2025-11-19 14:15:55,893 [WARN] PackLoader:240 - Cannot read IP mode file for portGmbH.I-Cube-SoM-uGOAL.1.1.0
2025-11-19 14:15:55,907 [WARN] PackLoader:240 - Cannot read IP mode file for STMicroelectronics.X-CUBE-AZRTOS-H7RS.1.0.0
2025-11-19 14:15:55,913 [WARN] PackLoader:240 - Cannot read IP mode file for STMicroelectronics.FP-ATR-ASTRA1.2.0.0
2025-11-19 14:15:55,923 [WARN] PackLoader:240 - Cannot read IP mode file for STMicroelectronics.X-CUBE-TOF1.3.4.2
2025-11-19 14:15:55,936 [WARN] PackLoader:240 - Cannot read IP mode file for STMicroelectronics.X-CUBE-TOF1.3.4.3
2025-11-19 14:15:55,950 [WARN] PackLoader:240 - Cannot read IP mode file for Infineon.AIROC-Wi-Fi-Bluetooth-STM32.1.6.1
2025-11-19 14:15:55,956 [WARN] PackLoader:240 - Cannot read IP mode file for wolfSSL.I-CUBE-wolfSSH.1.4.17
2025-11-19 14:15:55,958 [INFO] ThirdParty:978 - Integrity check success = true
2025-11-19 14:15:55,958 [INFO] IntegrityCheckThread:100 - exiting critical section [integrity check]
2025-11-19 14:15:55,958 [INFO] IntegrityCheckThread:103 - End integrity checks thread
2025-11-19 14:15:56,408 [INFO] WebApp:463 - Apply proxy settings
2025-11-19 14:15:56,410 [INFO] WebApp:548 - Chromium requires no authentication
2025-11-19 14:15:56,424 [INFO] WebApp:491 - Direct internet connection detected
2025-11-19 14:15:56,462 [INFO] WebApp:900 - Register for checkConnection events
2025-11-19 14:15:56,462 [INFO] WebApp:463 - Apply proxy settings
2025-11-19 14:15:56,462 [INFO] WebApp:548 - Chromium requires no authentication
2025-11-19 14:15:56,463 [INFO] WebApp:491 - Direct internet connection detected
2025-11-19 14:15:56,687 [INFO] WebApp:225 - Starting web application
2025-11-19 14:15:56,687 [INFO] WebApp:593 - Web application path used C:\ST\STM32CubeIDE_1.18.0\STM32CubeIDE\plugins\com.st.stm32cube.common.mx_6.15.0.202507011659\db\plugins\mcufinder\reactClient1\index.html
2025-11-19 14:15:56,964 [INFO] WebApp:191 - Connection restablished
2025-11-19 14:15:57,030 [INFO] UserAuth:487 - Internet connection configuration mode: 1
